<?xml version="1.0" encoding="UTF-8"?>
<!-- Generated by org.testng.reporters.JUnitReportReporter -->
<testsuite hostname="LAPTOP-U47F940Q" failures="0" tests="1" name="coyni.admin.tests.SystemSettingsTest" time="29.698" errors="0" timestamp="28 Dec 2022 10:43:06 GMT" skipped="0">
  <testcase classname="coyni.admin.tests.SystemSettingsTest" name="testSystemSettings" time="29.698"/>
</testsuite> <!-- coyni.admin.tests.SystemSettingsTest -->
