<?xml version="1.0" encoding="UTF-8"?>
<!-- Generated by org.testng.reporters.JUnitReportReporter -->
<testsuite skipped="0" hostname="ideyaLabssMBP2" name="coyni_mobile.tests.LoginTest" tests="1" failures="0" timestamp="2022-01-06T00:20:37 IST" time="23.520" errors="0">
  <testcase name="testLogin" time="23.520" classname="coyni_mobile.tests.LoginTest"/>
  <system-out/>
</testsuite> <!-- coyni_mobile.tests.LoginTest -->
