<?xml version="1.0" encoding="UTF-8"?>
<!-- Generated by org.testng.reporters.JUnitReportReporter -->
<testsuite hostname="DESKTOP-809396K" failures="0" tests="1" name="coyni_mobile.tests.LoginTest" time="27.110" errors="0" timestamp="2022-01-23T23:41:17 IST" skipped="0">
  <testcase classname="coyni_mobile.tests.LoginTest" name="testLogin" time="27.110"/>
  <system-out/>
</testsuite> <!-- coyni_mobile.tests.LoginTest -->
