<?xml version="1.0" encoding="UTF-8"?>
<!-- Generated by org.testng.reporters.JUnitReportReporter -->
<testsuite hostname="DESKTOP-809396K" failures="0" tests="1" name="coyni_mobile.tests.LoginTest" time="20.533" errors="0" timestamp="2022-01-25T01:52:25 IST" skipped="0">
  <testcase classname="coyni_mobile.tests.LoginTest" name="testLogin" time="20.533"/>
  <system-out/>
</testsuite> <!-- coyni_mobile.tests.LoginTest -->
